1-[Tue, 01 Feb 2022 08:41:47 GMT]   2-::1   3--   4-OPTIONS   5-200   6-/api/sauces   7-{}
1-[Tue, 01 Feb 2022 08:41:47 GMT]   2-::1   3--   4-GET   5-200   6-/api/sauces   7-{}
1-[Tue, 01 Feb 2022 09:10:49 GMT]   2-::1   3--   4-OPTIONS   5-200   6-/api/auth/login   7-{}
1-[Tue, 01 Feb 2022 09:10:49 GMT]   2-::1   3--   4-POST   5-200   6-/api/auth/login   7-{"email":"john@doe.com","password":"Testenvrai12"}
1-[Tue, 01 Feb 2022 09:10:49 GMT]   2-::1   3--   4-OPTIONS   5-200   6-/api/sauces   7-{}
1-[Tue, 01 Feb 2022 09:10:49 GMT]   2-::1   3--   4-GET   5-304   6-/api/sauces   7-{}
1-[Tue, 01 Feb 2022 09:11:16 GMT]   2-::1   3--   4-OPTIONS   5-200   6-/api/sauces   7-{}
1-[Tue, 01 Feb 2022 09:11:16 GMT]   2-::1   3--   4-POST   5-201   6-/api/sauces   7-{"sauce":"{\"name\":\"Sauce\",\"manufacturer\":\"sauce\",\"description\":\"super sauce\",\"mainPepper\":\"Pepper \",\"heat\":8,\"userId\":\"61f8eacd3a93e33398e8aaeb\"}"}
1-[Tue, 01 Feb 2022 09:11:17 GMT]   2-::1   3--   4-GET   5-200   6-/api/sauces   7-{}
1-[Tue, 01 Feb 2022 09:11:17 GMT]   2-::1   3--   4-GET   5-200   6-/images/sauce1_1643706676913.jpg   7-{}
1-[Tue, 01 Feb 2022 09:11:25 GMT]   2-::1   3--   4-OPTIONS   5-200   6-/api/sauces/61f8f934555de0a153e3242d   7-{}
1-[Tue, 01 Feb 2022 09:11:25 GMT]   2-::1   3-61f8f934555de0a153e3242d   4-GET   5-200   6-/api/sauces/61f8f934555de0a153e3242d   7-{}
1-[Tue, 01 Feb 2022 09:11:30 GMT]   2-::1   3--   4-OPTIONS   5-200   6-/api/sauces/61f8f934555de0a153e3242d/like   7-{}
1-[Tue, 01 Feb 2022 09:11:30 GMT]   2-::1   3-61f8f934555de0a153e3242d   4-POST   5-201   6-/api/sauces/61f8f934555de0a153e3242d/like   7-{"userId":"61f8eacd3a93e33398e8aaeb","like":1}
1-[Tue, 01 Feb 2022 09:11:30 GMT]   2-::1   3-61f8f934555de0a153e3242d   4-POST   5-201   6-/api/sauces/61f8f934555de0a153e3242d/like   7-{"userId":"61f8eacd3a93e33398e8aaeb","like":0}
1-[Tue, 01 Feb 2022 09:11:32 GMT]   2-::1   3-61f8f934555de0a153e3242d   4-POST   5-201   6-/api/sauces/61f8f934555de0a153e3242d/like   7-{"userId":"61f8eacd3a93e33398e8aaeb","like":-1}
1-[Tue, 01 Feb 2022 09:11:33 GMT]   2-::1   3-61f8f934555de0a153e3242d   4-POST   5-201   6-/api/sauces/61f8f934555de0a153e3242d/like   7-{"userId":"61f8eacd3a93e33398e8aaeb","like":0}
1-[Tue, 01 Feb 2022 09:11:34 GMT]   2-::1   3--   4-OPTIONS   5-200   6-/api/sauces/61f8f934555de0a153e3242d   7-{}
1-[Tue, 01 Feb 2022 09:11:34 GMT]   2-::1   3-61f8f934555de0a153e3242d   4-GET   5-304   6-/api/sauces/61f8f934555de0a153e3242d   7-{}
1-[Tue, 01 Feb 2022 09:11:40 GMT]   2-::1   3--   4-OPTIONS   5-200   6-/api/sauces/61f8f934555de0a153e3242d   7-{}
1-[Tue, 01 Feb 2022 09:11:40 GMT]   2-::1   3-61f8f934555de0a153e3242d   4-PUT   5-200   6-/api/sauces/61f8f934555de0a153e3242d   7-{"sauce":"{\"name\":\"Sauce !\",\"manufacturer\":\"sauce\",\"description\":\"super sauce\",\"mainPepper\":\"Pepper \",\"heat\":8,\"userId\":\"61f8eacd3a93e33398e8aaeb\"}"}
1-[Tue, 01 Feb 2022 09:11:40 GMT]   2-::1   3--   4-OPTIONS   5-200   6-/api/sauces   7-{}
1-[Tue, 01 Feb 2022 09:11:40 GMT]   2-::1   3--   4-GET   5-200   6-/api/sauces   7-{}
1-[Tue, 01 Feb 2022 09:11:40 GMT]   2-::1   3--   4-GET   5-200   6-/images/sauce3_1643706700557.jpg   7-{}
1-[Tue, 01 Feb 2022 09:11:41 GMT]   2-::1   3-61f8f934555de0a153e3242d   4-GET   5-200   6-/api/sauces/61f8f934555de0a153e3242d   7-{}
1-[Tue, 01 Feb 2022 09:11:42 GMT]   2-::1   3--   4-OPTIONS   5-200   6-/api/sauces/61f8f934555de0a153e3242d/like   7-{}
1-[Tue, 01 Feb 2022 09:11:43 GMT]   2-::1   3-61f8f934555de0a153e3242d   4-POST   5-201   6-/api/sauces/61f8f934555de0a153e3242d/like   7-{"userId":"61f8eacd3a93e33398e8aaeb","like":1}
1-[Tue, 01 Feb 2022 09:11:46 GMT]   2-::1   3--   4-OPTIONS   5-200   6-/api/sauces/61f8f934555de0a153e3242d   7-{}
1-[Tue, 01 Feb 2022 09:11:46 GMT]   2-::1   3-61f8f934555de0a153e3242d   4-DELETE   5-200   6-/api/sauces/61f8f934555de0a153e3242d   7-{}
1-[Tue, 01 Feb 2022 09:11:46 GMT]   2-::1   3--   4-OPTIONS   5-200   6-/api/sauces   7-{}
1-[Tue, 01 Feb 2022 09:11:46 GMT]   2-::1   3--   4-GET   5-200   6-/api/sauces   7-{}
1-[Tue, 01 Feb 2022 09:12:06 GMT]   2-::1   3--   4-OPTIONS   5-200   6-/api/sauces   7-{}
1-[Tue, 01 Feb 2022 09:12:06 GMT]   2-::1   3--   4-POST   5-201   6-/api/sauces   7-{"sauce":"{\"name\":\"test\",\"manufacturer\":\"test\",\"description\":\"test\",\"mainPepper\":\"test\",\"heat\":7,\"userId\":\"61f8eacd3a93e33398e8aaeb\"}"}
1-[Tue, 01 Feb 2022 09:12:06 GMT]   2-::1   3--   4-GET   5-200   6-/api/sauces   7-{}
1-[Tue, 01 Feb 2022 09:12:06 GMT]   2-::1   3--   4-GET   5-200   6-/images/sauce1_1643706726711.jpg   7-{}
1-[Tue, 01 Feb 2022 09:12:30 GMT]   2-::1   3--   4-OPTIONS   5-200   6-/api/auth/signup   7-{}
1-[Tue, 01 Feb 2022 09:12:30 GMT]   2-::1   3--   4-POST   5-401   6-/api/auth/signup   7-{"email":"fred@doe.com","password":"test"}
1-[Tue, 01 Feb 2022 09:12:43 GMT]   2-::1   3--   4-OPTIONS   5-200   6-/api/auth/signup   7-{}
1-[Tue, 01 Feb 2022 09:12:43 GMT]   2-::1   3--   4-POST   5-401   6-/api/auth/signup   7-{"email":"fred@doe.com","password":"test"}
1-[Tue, 01 Feb 2022 09:13:03 GMT]   2-::1   3--   4-OPTIONS   5-200   6-/api/auth/signup   7-{}
1-[Tue, 01 Feb 2022 09:13:04 GMT]   2-::1   3--   4-POST   5-201   6-/api/auth/signup   7-{"email":"fred@doe.com","password":"Testmdp23."}
1-[Tue, 01 Feb 2022 09:13:04 GMT]   2-::1   3--   4-OPTIONS   5-200   6-/api/auth/login   7-{}
1-[Tue, 01 Feb 2022 09:13:04 GMT]   2-::1   3--   4-POST   5-200   6-/api/auth/login   7-{"email":"fred@doe.com","password":"Testmdp23."}
1-[Tue, 01 Feb 2022 09:13:04 GMT]   2-::1   3--   4-OPTIONS   5-200   6-/api/sauces   7-{}
1-[Tue, 01 Feb 2022 09:13:04 GMT]   2-::1   3--   4-GET   5-200   6-/api/sauces   7-{}
1-[Tue, 01 Feb 2022 09:13:04 GMT]   2-::1   3--   4-GET   5-200   6-/images/sauce1_1643706726711.jpg   7-{}
1-[Tue, 01 Feb 2022 09:13:11 GMT]   2-::1   3--   4-OPTIONS   5-200   6-/api/sauces/61f8f966555de0a153e32443   7-{}
1-[Tue, 01 Feb 2022 09:13:11 GMT]   2-::1   3-61f8f966555de0a153e32443   4-GET   5-200   6-/api/sauces/61f8f966555de0a153e32443   7-{}
1-[Tue, 01 Feb 2022 09:13:11 GMT]   2-::1   3--   4-GET   5-200   6-/images/sauce1_1643706726711.jpg   7-{}
1-[Tue, 01 Feb 2022 09:13:13 GMT]   2-::1   3--   4-OPTIONS   5-200   6-/api/sauces/61f8f966555de0a153e32443/like   7-{}
1-[Tue, 01 Feb 2022 09:13:13 GMT]   2-::1   3-61f8f966555de0a153e32443   4-POST   5-201   6-/api/sauces/61f8f966555de0a153e32443/like   7-{"userId":"61f8f99f555de0a153e32446","like":1}
1-[Tue, 01 Feb 2022 09:13:14 GMT]   2-::1   3--   4-OPTIONS   5-200   6-/api/sauces/61f8f966555de0a153e32443/like   7-{}
1-[Tue, 01 Feb 2022 09:13:14 GMT]   2-::1   3-61f8f966555de0a153e32443   4-POST   5-201   6-/api/sauces/61f8f966555de0a153e32443/like   7-{"userId":"61f8f99f555de0a153e32446","like":0}
1-[Tue, 01 Feb 2022 09:13:15 GMT]   2-::1   3--   4-OPTIONS   5-200   6-/api/sauces/61f8f966555de0a153e32443/like   7-{}
1-[Tue, 01 Feb 2022 09:13:15 GMT]   2-::1   3-61f8f966555de0a153e32443   4-POST   5-201   6-/api/sauces/61f8f966555de0a153e32443/like   7-{"userId":"61f8f99f555de0a153e32446","like":-1}
1-[Tue, 01 Feb 2022 09:13:16 GMT]   2-::1   3--   4-OPTIONS   5-200   6-/api/sauces/61f8f966555de0a153e32443/like   7-{}
1-[Tue, 01 Feb 2022 09:13:16 GMT]   2-::1   3-61f8f966555de0a153e32443   4-POST   5-201   6-/api/sauces/61f8f966555de0a153e32443/like   7-{"userId":"61f8f99f555de0a153e32446","like":0}
1-[Tue, 01 Feb 2022 09:22:22 GMT]   2-::1   3--   4-OPTIONS   5-200   6-/api/sauces   7-{}
1-[Tue, 01 Feb 2022 09:22:22 GMT]   2-::1   3--   4-GET   5-200   6-/api/sauces   7-{}
1-[Tue, 01 Feb 2022 09:22:22 GMT]   2-::1   3--   4-GET   5-200   6-/images/sauce1_1643706726711.jpg   7-{}
1-[Tue, 01 Feb 2022 09:23:57 GMT]   2-::1   3--   4-OPTIONS   5-200   6-/api/sauces/61f8f966555de0a153e32443   7-{}
1-[Tue, 01 Feb 2022 09:23:57 GMT]   2-::1   3-61f8f966555de0a153e32443   4-GET   5-200   6-/api/sauces/61f8f966555de0a153e32443   7-{}
1-[Tue, 01 Feb 2022 09:23:58 GMT]   2-::1   3--   4-GET   5-200   6-/images/sauce1_1643706726711.jpg   7-{}
1-[Tue, 01 Feb 2022 09:23:58 GMT]   2-::1   3--   4-OPTIONS   5-200   6-/api/sauces/61f8f966555de0a153e32443/like   7-{}
1-[Tue, 01 Feb 2022 09:23:58 GMT]   2-::1   3-61f8f966555de0a153e32443   4-POST   5-201   6-/api/sauces/61f8f966555de0a153e32443/like   7-{"userId":"61f8f99f555de0a153e32446","like":1}
1-[Tue, 01 Feb 2022 09:41:58 GMT]   2-::1   3--   4-OPTIONS   5-200   6-/api/sauces/61f8f966555de0a153e32443/like   7-{}
1-[Tue, 01 Feb 2022 09:41:58 GMT]   2-::1   3-61f8f966555de0a153e32443   4-POST   5-201   6-/api/sauces/61f8f966555de0a153e32443/like   7-{"userId":"61f8f99f555de0a153e32446","like":0}
1-[Tue, 01 Feb 2022 09:41:59 GMT]   2-::1   3--   4-OPTIONS   5-200   6-/api/sauces/61f8f966555de0a153e32443/like   7-{}
1-[Tue, 01 Feb 2022 09:41:59 GMT]   2-::1   3-61f8f966555de0a153e32443   4-POST   5-201   6-/api/sauces/61f8f966555de0a153e32443/like   7-{"userId":"61f8f99f555de0a153e32446","like":1}
1-[Tue, 01 Feb 2022 09:42:00 GMT]   2-::1   3--   4-OPTIONS   5-200   6-/api/sauces/61f8f966555de0a153e32443/like   7-{}
1-[Tue, 01 Feb 2022 09:42:00 GMT]   2-::1   3-61f8f966555de0a153e32443   4-POST   5-201   6-/api/sauces/61f8f966555de0a153e32443/like   7-{"userId":"61f8f99f555de0a153e32446","like":0}
1-[Tue, 01 Feb 2022 09:42:02 GMT]   2-::1   3--   4-OPTIONS   5-200   6-/api/sauces/61f8f966555de0a153e32443/like   7-{}
1-[Tue, 01 Feb 2022 09:42:02 GMT]   2-::1   3-61f8f966555de0a153e32443   4-POST   5-201   6-/api/sauces/61f8f966555de0a153e32443/like   7-{"userId":"61f8f99f555de0a153e32446","like":-1}
1-[Tue, 01 Feb 2022 09:42:02 GMT]   2-::1   3--   4-OPTIONS   5-200   6-/api/sauces/61f8f966555de0a153e32443/like   7-{}
1-[Tue, 01 Feb 2022 09:42:02 GMT]   2-::1   3-61f8f966555de0a153e32443   4-POST   5-201   6-/api/sauces/61f8f966555de0a153e32443/like   7-{"userId":"61f8f99f555de0a153e32446","like":0}
